
[Thu, 22 Dec 2022 15:17:19 GMT] Recieved login request from guest
[Thu, 22 Dec 2022 15:17:19 GMT] Credentials for guest correct
[Thu, 22 Dec 2022 15:17:19 GMT] Requesting bookmarklet content for guest
[Thu, 22 Dec 2022 15:17:19 GMT] null
[Thu, 22 Dec 2022 15:17:22 GMT] Recieved login request from guest
[Thu, 22 Dec 2022 15:17:22 GMT] Credentials for guest correct
[Thu, 22 Dec 2022 15:17:22 GMT] Requesting bookmarklet content for guest
[Thu, 22 Dec 2022 15:17:22 GMT] null
[Thu, 22 Dec 2022 15:17:23 GMT] Recieved login request from guest
[Thu, 22 Dec 2022 15:17:23 GMT] Credentials for guest correct
[Thu, 22 Dec 2022 15:17:23 GMT] Requesting bookmarklet content for guest
[Thu, 22 Dec 2022 15:17:23 GMT] null
[Thu, 22 Dec 2022 15:17:23 GMT] Recieved login request from guest
[Thu, 22 Dec 2022 15:17:23 GMT] Credentials for guest correct
[Thu, 22 Dec 2022 15:17:23 GMT] Requesting bookmarklet content for guest
[Thu, 22 Dec 2022 15:17:23 GMT] null
[Thu, 22 Dec 2022 15:17:24 GMT] Recieved login request from guest
[Thu, 22 Dec 2022 15:17:24 GMT] Credentials for guest correct
[Thu, 22 Dec 2022 15:17:24 GMT] Requesting bookmarklet content for guest
[Thu, 22 Dec 2022 15:17:24 GMT] null
[Thu, 22 Dec 2022 15:17:27 GMT] Recieved FTSave request from guest
[Thu, 22 Dec 2022 15:17:27 GMT] Request recieved to Appstore
[Thu, 22 Dec 2022 15:17:27 GMT] Request recieved to Appstore
[Thu, 22 Dec 2022 15:17:27 GMT] Attemping to read contents of ./server/apps/NotePad.js
[Thu, 22 Dec 2022 15:17:27 GMT] Wrote app contents of ./server/apps/NotePad to client guest
[Thu, 22 Dec 2022 15:17:27 GMT] Same Copy detected!
[Thu, 22 Dec 2022 15:17:27 GMT] Attemping to read contents of ./server/apps/JuanAnime.js
[Thu, 22 Dec 2022 15:17:27 GMT] Wrote app contents of ./server/apps/JuanAnime to client guest
[Thu, 22 Dec 2022 15:17:27 GMT] Same Copy detected!
[Thu, 22 Dec 2022 15:17:27 GMT] Request recieved to Appstore
[Thu, 22 Dec 2022 15:17:27 GMT] Attemping to read contents of ./server/apps/InjectorCloud.js
[Thu, 22 Dec 2022 15:17:27 GMT] Wrote app contents of ./server/apps/InjectorCloud to client guest
[Thu, 22 Dec 2022 15:17:27 GMT] Same Copy detected!
[Thu, 22 Dec 2022 15:17:27 GMT] Request recieved to Appstore
[Thu, 22 Dec 2022 15:17:27 GMT] Attemping to read contents of ./server/apps/TAP.js
[Thu, 22 Dec 2022 15:17:27 GMT] Wrote app contents of ./server/apps/TAP to client guest
[Thu, 22 Dec 2022 15:17:27 GMT] Same Copy detected!
[Thu, 22 Dec 2022 15:17:27 GMT] Request recieved to Appstore
[Thu, 22 Dec 2022 15:17:27 GMT] Attemping to read contents of ./server/apps/Game Hub.js
[Thu, 22 Dec 2022 15:17:27 GMT] Wrote app contents of ./server/apps/Game Hub to client guest
[Thu, 22 Dec 2022 15:17:27 GMT] Same Copy detected!
[Thu, 22 Dec 2022 15:17:29 GMT] Recieved FTSave request from guest
[Thu, 22 Dec 2022 15:17:29 GMT] Request recieved to Appstore
[Thu, 22 Dec 2022 15:17:29 GMT] Attemping to read contents of ./server/apps/NotePad.js
[Thu, 22 Dec 2022 15:17:29 GMT] Wrote app contents of ./server/apps/NotePad to client guest
[Thu, 22 Dec 2022 15:17:29 GMT] Same Copy detected!
[Thu, 22 Dec 2022 15:17:29 GMT] Request recieved to Appstore
[Thu, 22 Dec 2022 15:17:29 GMT] Attemping to read contents of ./server/apps/JuanAnime.js
[Thu, 22 Dec 2022 15:17:29 GMT] Wrote app contents of ./server/apps/JuanAnime to client guest
[Thu, 22 Dec 2022 15:17:29 GMT] Same Copy detected!
[Thu, 22 Dec 2022 15:17:29 GMT] Request recieved to Appstore
[Thu, 22 Dec 2022 15:17:29 GMT] Attemping to read contents of ./server/apps/InjectorCloud.js
[Thu, 22 Dec 2022 15:17:29 GMT] Wrote app contents of ./server/apps/InjectorCloud to client guest
[Thu, 22 Dec 2022 15:17:29 GMT] Same Copy detected!
[Thu, 22 Dec 2022 15:17:29 GMT] Request recieved to Appstore
[Thu, 22 Dec 2022 15:17:29 GMT] Attemping to read contents of ./server/apps/Game Hub.js
[Thu, 22 Dec 2022 15:17:29 GMT] Wrote app contents of ./server/apps/Game Hub to client guest
[Thu, 22 Dec 2022 15:17:29 GMT] Same Copy detected!
[Thu, 22 Dec 2022 15:17:29 GMT] Request recieved to Appstore
[Thu, 22 Dec 2022 15:17:29 GMT] Attemping to read contents of ./server/apps/TAP.js
[Thu, 22 Dec 2022 15:17:29 GMT] Wrote app contents of ./server/apps/TAP to client guest
[Thu, 22 Dec 2022 15:17:29 GMT] Same Copy detected!
[Thu, 22 Dec 2022 15:17:29 GMT] Recieved login request from guest
[Thu, 22 Dec 2022 15:17:29 GMT] Credentials for guest correct
[Thu, 22 Dec 2022 15:17:29 GMT] Requesting bookmarklet content for guest
[Thu, 22 Dec 2022 15:17:29 GMT] null
[Thu, 22 Dec 2022 15:17:29 GMT] Recieved FTSave request from guest
[Thu, 22 Dec 2022 15:17:29 GMT] Request recieved to Appstore
[Thu, 22 Dec 2022 15:17:29 GMT] Attemping to read contents of ./server/apps/JuanAnime.js
[Thu, 22 Dec 2022 15:17:29 GMT] Wrote app contents of ./server/apps/JuanAnime to client guest
[Thu, 22 Dec 2022 15:17:29 GMT] Same Copy detected!
[Thu, 22 Dec 2022 15:17:29 GMT] Request recieved to Appstore
[Thu, 22 Dec 2022 15:17:29 GMT] Attemping to read contents of ./server/apps/NotePad.js
[Thu, 22 Dec 2022 15:17:29 GMT] Wrote app contents of ./server/apps/NotePad to client guest
[Thu, 22 Dec 2022 15:17:29 GMT] Same Copy detected!
[Thu, 22 Dec 2022 15:17:29 GMT] Request recieved to Appstore
[Thu, 22 Dec 2022 15:17:29 GMT] Attemping to read contents of ./server/apps/InjectorCloud.js
[Thu, 22 Dec 2022 15:17:29 GMT] Wrote app contents of ./server/apps/InjectorCloud to client guest
[Thu, 22 Dec 2022 15:17:29 GMT] Same Copy detected!
[Thu, 22 Dec 2022 15:17:29 GMT] Request recieved to Appstore
[Thu, 22 Dec 2022 15:17:29 GMT] Attemping to read contents of ./server/apps/Game Hub.js
[Thu, 22 Dec 2022 15:17:29 GMT] Wrote app contents of ./server/apps/Game Hub to client guest
[Thu, 22 Dec 2022 15:17:29 GMT] Same Copy detected!
[Thu, 22 Dec 2022 15:17:29 GMT] Request recieved to Appstore
[Thu, 22 Dec 2022 15:17:29 GMT] Attemping to read contents of ./server/apps/TAP.js
[Thu, 22 Dec 2022 15:17:29 GMT] Wrote app contents of ./server/apps/TAP to client guest
[Thu, 22 Dec 2022 15:17:29 GMT] Same Copy detected!
[Thu, 22 Dec 2022 15:17:29 GMT] Recieved FTSave request from guest
[Thu, 22 Dec 2022 15:17:29 GMT] Request recieved to Appstore
[Thu, 22 Dec 2022 15:17:29 GMT] Attemping to read contents of ./server/apps/NotePad.js
[Thu, 22 Dec 2022 15:17:29 GMT] Wrote app contents of ./server/apps/NotePad to client guest
[Thu, 22 Dec 2022 15:17:29 GMT] Same Copy detected!
[Thu, 22 Dec 2022 15:17:29 GMT] Request recieved to Appstore
[Thu, 22 Dec 2022 15:17:29 GMT] Attemping to read contents of ./server/apps/JuanAnime.js
[Thu, 22 Dec 2022 15:17:29 GMT] Wrote app contents of ./server/apps/JuanAnime to client guest
[Thu, 22 Dec 2022 15:17:29 GMT] Same Copy detected!
[Thu, 22 Dec 2022 15:17:29 GMT] Request recieved to Appstore
[Thu, 22 Dec 2022 15:17:29 GMT] Attemping to read contents of ./server/apps/InjectorCloud.js
[Thu, 22 Dec 2022 15:17:29 GMT] Wrote app contents of ./server/apps/InjectorCloud to client guest
[Thu, 22 Dec 2022 15:17:29 GMT] Same Copy detected!
[Thu, 22 Dec 2022 15:17:30 GMT] Request recieved to Appstore
[Thu, 22 Dec 2022 15:17:30 GMT] Attemping to read contents of ./server/apps/Game Hub.js
[Thu, 22 Dec 2022 15:17:30 GMT] Wrote app contents of ./server/apps/Game Hub to client guest
[Thu, 22 Dec 2022 15:17:30 GMT] Same Copy detected!
[Thu, 22 Dec 2022 15:17:30 GMT] Request recieved to Appstore
[Thu, 22 Dec 2022 15:17:30 GMT] Attemping to read contents of ./server/apps/TAP.js
[Thu, 22 Dec 2022 15:17:30 GMT] Wrote app contents of ./server/apps/TAP to client guest
[Thu, 22 Dec 2022 15:17:30 GMT] Same Copy detected!
[Thu, 22 Dec 2022 15:17:30 GMT] Recieved FTSave request from guest
[Thu, 22 Dec 2022 15:17:30 GMT] Request recieved to Appstore
[Thu, 22 Dec 2022 15:17:30 GMT] Attemping to read contents of ./server/apps/NotePad.js
[Thu, 22 Dec 2022 15:17:30 GMT] Wrote app contents of ./server/apps/NotePad to client guest
[Thu, 22 Dec 2022 15:17:30 GMT] Same Copy detected!
[Thu, 22 Dec 2022 15:17:30 GMT] Request recieved to Appstore
[Thu, 22 Dec 2022 15:17:30 GMT] Attemping to read contents of ./server/apps/JuanAnime.js
[Thu, 22 Dec 2022 15:17:30 GMT] Wrote app contents of ./server/apps/JuanAnime to client guest
[Thu, 22 Dec 2022 15:17:30 GMT] Same Copy detected!
[Thu, 22 Dec 2022 15:17:30 GMT] Request recieved to Appstore
[Thu, 22 Dec 2022 15:17:30 GMT] Attemping to read contents of ./server/apps/Game Hub.js
[Thu, 22 Dec 2022 15:17:30 GMT] Wrote app contents of ./server/apps/Game Hub to client guest
[Thu, 22 Dec 2022 15:17:30 GMT] Same Copy detected!
[Thu, 22 Dec 2022 15:17:30 GMT] Request recieved to Appstore
[Thu, 22 Dec 2022 15:17:30 GMT] Attemping to read contents of ./server/apps/InjectorCloud.js
[Thu, 22 Dec 2022 15:17:30 GMT] Wrote app contents of ./server/apps/InjectorCloud to client guest
[Thu, 22 Dec 2022 15:17:30 GMT] Same Copy detected!
[Thu, 22 Dec 2022 15:17:30 GMT] Request recieved to Appstore
[Thu, 22 Dec 2022 15:17:30 GMT] Attemping to read contents of ./server/apps/TAP.js
[Thu, 22 Dec 2022 15:17:30 GMT] Wrote app contents of ./server/apps/TAP to client guest
[Thu, 22 Dec 2022 15:17:30 GMT] Same Copy detected!
[Thu, 22 Dec 2022 15:17:35 GMT] Recieved FTSave request from guest
[Thu, 22 Dec 2022 15:17:35 GMT] Request recieved to Appstore
[Thu, 22 Dec 2022 15:17:35 GMT] Attemping to read contents of ./server/apps/JuanAnime.js
[Thu, 22 Dec 2022 15:17:35 GMT] Wrote app contents of ./server/apps/JuanAnime to client guest
[Thu, 22 Dec 2022 15:17:35 GMT] Same Copy detected!
[Thu, 22 Dec 2022 15:17:36 GMT] Request recieved to Appstore
[Thu, 22 Dec 2022 15:17:36 GMT] Attemping to read contents of ./server/apps/InjectorCloud.js
[Thu, 22 Dec 2022 15:17:36 GMT] Wrote app contents of ./server/apps/InjectorCloud to client guest
[Thu, 22 Dec 2022 15:17:36 GMT] Same Copy detected!
[Thu, 22 Dec 2022 15:17:36 GMT] Request recieved to Appstore
[Thu, 22 Dec 2022 15:17:36 GMT] Attemping to read contents of ./server/apps/NotePad.js
[Thu, 22 Dec 2022 15:17:36 GMT] Wrote app contents of ./server/apps/NotePad to client guest
[Thu, 22 Dec 2022 15:17:36 GMT] Same Copy detected!
[Thu, 22 Dec 2022 15:17:36 GMT] Request recieved to Appstore
[Thu, 22 Dec 2022 15:17:36 GMT] Attemping to read contents of ./server/apps/Game Hub.js
[Thu, 22 Dec 2022 15:17:36 GMT] Wrote app contents of ./server/apps/Game Hub to client guest
[Thu, 22 Dec 2022 15:17:36 GMT] Same Copy detected!
[Thu, 22 Dec 2022 15:17:36 GMT] Request recieved to Appstore
[Thu, 22 Dec 2022 15:17:36 GMT] Attemping to read contents of ./server/apps/TAP.js
[Thu, 22 Dec 2022 15:17:36 GMT] Wrote app contents of ./server/apps/TAP to client guest
[Thu, 22 Dec 2022 15:17:36 GMT] Same Copy detected!
[Thu, 22 Dec 2022 15:19:17 GMT] Recieved login request from guest
[Thu, 22 Dec 2022 15:19:17 GMT] Credentials for guest correct
[Thu, 22 Dec 2022 15:19:17 GMT] Requesting bookmarklet content for guest
[Thu, 22 Dec 2022 15:19:17 GMT] null
[Thu, 22 Dec 2022 15:19:23 GMT] Recieved FTSave request from guest
[Thu, 22 Dec 2022 15:19:24 GMT] Request recieved to Appstore
[Thu, 22 Dec 2022 15:19:24 GMT] Attemping to read contents of ./server/apps/JuanAnime.js
[Thu, 22 Dec 2022 15:19:24 GMT] Wrote app contents of ./server/apps/JuanAnime to client guest
[Thu, 22 Dec 2022 15:19:24 GMT] Same Copy detected!
[Thu, 22 Dec 2022 15:19:24 GMT] Request recieved to Appstore
[Thu, 22 Dec 2022 15:19:24 GMT] Attemping to read contents of ./server/apps/NotePad.js
[Thu, 22 Dec 2022 15:19:24 GMT] Wrote app contents of ./server/apps/NotePad to client guest
[Thu, 22 Dec 2022 15:19:24 GMT] Same Copy detected!
[Thu, 22 Dec 2022 15:19:24 GMT] Request recieved to Appstore
[Thu, 22 Dec 2022 15:19:24 GMT] Attemping to read contents of ./server/apps/InjectorCloud.js
[Thu, 22 Dec 2022 15:19:24 GMT] Wrote app contents of ./server/apps/InjectorCloud to client guest
[Thu, 22 Dec 2022 15:19:24 GMT] Same Copy detected!
[Thu, 22 Dec 2022 15:19:24 GMT] Request recieved to Appstore
[Thu, 22 Dec 2022 15:19:24 GMT] Attemping to read contents of ./server/apps/TAP.js
[Thu, 22 Dec 2022 15:19:24 GMT] Wrote app contents of ./server/apps/TAP to client guest
[Thu, 22 Dec 2022 15:19:24 GMT] Same Copy detected!
[Thu, 22 Dec 2022 15:19:24 GMT] Request recieved to Appstore
[Thu, 22 Dec 2022 15:19:24 GMT] Attemping to read contents of ./server/apps/Game Hub.js
[Thu, 22 Dec 2022 15:19:24 GMT] Wrote app contents of ./server/apps/Game Hub to client guest
[Thu, 22 Dec 2022 15:19:24 GMT] Same Copy detected!
[Thu, 22 Dec 2022 15:19:24 GMT] Recieved login request from guest
[Thu, 22 Dec 2022 15:19:24 GMT] Credentials for guest correct
[Thu, 22 Dec 2022 15:19:24 GMT] Requesting bookmarklet content for guest
[Thu, 22 Dec 2022 15:19:24 GMT] null
[Thu, 22 Dec 2022 15:19:32 GMT] Recieved FTSave request from guest
[Thu, 22 Dec 2022 15:19:32 GMT] Request recieved to Appstore
[Thu, 22 Dec 2022 15:19:32 GMT] Request recieved to Appstore
[Thu, 22 Dec 2022 15:19:32 GMT] Attemping to read contents of ./server/apps/TAP.js
[Thu, 22 Dec 2022 15:19:32 GMT] Wrote app contents of ./server/apps/TAP to client guest
[Thu, 22 Dec 2022 15:19:32 GMT] Same Copy detected!
[Thu, 22 Dec 2022 15:19:32 GMT] Attemping to read contents of ./server/apps/JuanAnime.js
[Thu, 22 Dec 2022 15:19:32 GMT] Wrote app contents of ./server/apps/JuanAnime to client guest
[Thu, 22 Dec 2022 15:19:32 GMT] Same Copy detected!
[Thu, 22 Dec 2022 15:19:32 GMT] Request recieved to Appstore
[Thu, 22 Dec 2022 15:19:32 GMT] Attemping to read contents of ./server/apps/InjectorCloud.js
[Thu, 22 Dec 2022 15:19:32 GMT] Wrote app contents of ./server/apps/InjectorCloud to client guest
[Thu, 22 Dec 2022 15:19:32 GMT] Same Copy detected!
[Thu, 22 Dec 2022 15:19:32 GMT] Request recieved to Appstore
[Thu, 22 Dec 2022 15:19:32 GMT] Attemping to read contents of ./server/apps/NotePad.js
[Thu, 22 Dec 2022 15:19:32 GMT] Wrote app contents of ./server/apps/NotePad to client guest
[Thu, 22 Dec 2022 15:19:32 GMT] Same Copy detected!
[Thu, 22 Dec 2022 15:19:32 GMT] Request recieved to Appstore
[Thu, 22 Dec 2022 15:19:32 GMT] Attemping to read contents of ./server/apps/Game Hub.js
[Thu, 22 Dec 2022 15:19:32 GMT] Wrote app contents of ./server/apps/Game Hub to client guest
[Thu, 22 Dec 2022 15:19:32 GMT] Same Copy detected!
[Thu, 22 Dec 2022 15:19:43 GMT] Recieved FTSave request from guest
[Thu, 22 Dec 2022 15:19:43 GMT] Recieved FTSave request from guest
[Thu, 22 Dec 2022 15:19:45 GMT] Recieved FTSave request from guest
[Thu, 22 Dec 2022 15:19:46 GMT] Recieved FTSave request from guest
[Thu, 22 Dec 2022 15:20:42 GMT] Cloud request recieved!
[Thu, 22 Dec 2022 15:20:42 GMT] GET request to Injector Cloud detected, no user existing!
[Thu, 22 Dec 2022 15:29:21 GMT] Recieved login request from 
[Thu, 22 Dec 2022 15:29:21 GMT] cred incorrect: e3b0c44298fc1c149afbf4c8996fb92427ae41e4649b934ca495991b7852b855
[Thu, 22 Dec 2022 15:43:53 GMT] Recieved login request from guest
[Thu, 22 Dec 2022 15:43:53 GMT] Credentials for guest correct
[Thu, 22 Dec 2022 15:43:53 GMT] Requesting bookmarklet content for guest
[Thu, 22 Dec 2022 15:43:53 GMT] null
[Thu, 22 Dec 2022 15:43:59 GMT] Recieved FTSave request from guest
[Thu, 22 Dec 2022 15:43:59 GMT] Request recieved to Appstore
[Thu, 22 Dec 2022 15:43:59 GMT] Attemping to read contents of ./server/apps/NotePad.js
[Thu, 22 Dec 2022 15:43:59 GMT] Wrote app contents of ./server/apps/NotePad to client guest
[Thu, 22 Dec 2022 15:43:59 GMT] Same Copy detected!
[Thu, 22 Dec 2022 15:43:59 GMT] Request recieved to Appstore
[Thu, 22 Dec 2022 15:43:59 GMT] Attemping to read contents of ./server/apps/JuanAnime.js
[Thu, 22 Dec 2022 15:43:59 GMT] Wrote app contents of ./server/apps/JuanAnime to client guest
[Thu, 22 Dec 2022 15:43:59 GMT] Same Copy detected!
[Thu, 22 Dec 2022 15:43:59 GMT] Request recieved to Appstore
[Thu, 22 Dec 2022 15:43:59 GMT] Attemping to read contents of ./server/apps/TAP.js
[Thu, 22 Dec 2022 15:43:59 GMT] Wrote app contents of ./server/apps/TAP to client guest
[Thu, 22 Dec 2022 15:43:59 GMT] Same Copy detected!
[Thu, 22 Dec 2022 15:43:59 GMT] Request recieved to Appstore
[Thu, 22 Dec 2022 15:43:59 GMT] Attemping to read contents of ./server/apps/Game Hub.js
[Thu, 22 Dec 2022 15:43:59 GMT] Wrote app contents of ./server/apps/Game Hub to client guest
[Thu, 22 Dec 2022 15:43:59 GMT] Same Copy detected!
[Thu, 22 Dec 2022 15:43:59 GMT] Request recieved to Appstore
[Thu, 22 Dec 2022 15:43:59 GMT] Attemping to read contents of ./server/apps/InjectorCloud.js
[Thu, 22 Dec 2022 15:43:59 GMT] Wrote app contents of ./server/apps/InjectorCloud to client guest
[Thu, 22 Dec 2022 15:43:59 GMT] Same Copy detected!
[Thu, 22 Dec 2022 15:57:47 GMT] Recieved login request from death_king101
[Thu, 22 Dec 2022 15:57:47 GMT] Credentials for death_king101 correct
[Thu, 22 Dec 2022 15:57:47 GMT] Requesting bookmarklet content for death_king101
[Thu, 22 Dec 2022 15:57:47 GMT] null
[Thu, 22 Dec 2022 15:57:47 GMT] Recieved login request from death_king101
[Thu, 22 Dec 2022 15:57:47 GMT] Credentials for death_king101 correct
[Thu, 22 Dec 2022 15:57:47 GMT] Requesting bookmarklet content for death_king101
[Thu, 22 Dec 2022 15:57:47 GMT] null
[Thu, 22 Dec 2022 15:57:52 GMT] Recieved FTSave request from death_king101
[Thu, 22 Dec 2022 15:57:52 GMT] Request recieved to Appstore
[Thu, 22 Dec 2022 15:57:52 GMT] Attemping to read contents of ./server/apps/InjectorCloud.js
[Thu, 22 Dec 2022 15:57:52 GMT] Wrote app contents of ./server/apps/InjectorCloud to client death_king101
[Thu, 22 Dec 2022 15:57:52 GMT] Same Copy detected!
[Thu, 22 Dec 2022 15:57:52 GMT] Request recieved to Appstore
[Thu, 22 Dec 2022 15:57:52 GMT] Attemping to read contents of ./server/apps/NotePad.js
[Thu, 22 Dec 2022 15:57:52 GMT] Wrote app contents of ./server/apps/NotePad to client death_king101
[Thu, 22 Dec 2022 15:57:52 GMT] Same Copy detected!
[Thu, 22 Dec 2022 15:57:52 GMT] Request recieved to Appstore
[Thu, 22 Dec 2022 15:57:52 GMT] Attemping to read contents of ./server/apps/Game Hub.js
[Thu, 22 Dec 2022 15:57:52 GMT] Wrote app contents of ./server/apps/Game Hub to client death_king101
[Thu, 22 Dec 2022 15:57:52 GMT] Same Copy detected!
[Thu, 22 Dec 2022 15:57:52 GMT] Request recieved to Appstore
[Thu, 22 Dec 2022 15:57:52 GMT] Attemping to read contents of ./server/apps/InjectorCloud.js
[Thu, 22 Dec 2022 15:57:52 GMT] Wrote app contents of ./server/apps/InjectorCloud to client death_king101
[Thu, 22 Dec 2022 15:57:52 GMT] Same Copy detected!
[Thu, 22 Dec 2022 15:57:52 GMT] Request recieved to Appstore
[Thu, 22 Dec 2022 15:57:52 GMT] Attemping to read contents of ./server/apps/TAP.js
[Thu, 22 Dec 2022 15:57:52 GMT] Wrote app contents of ./server/apps/TAP to client death_king101
[Thu, 22 Dec 2022 15:57:52 GMT] Same Copy detected!
[Thu, 22 Dec 2022 15:57:52 GMT] Recieved FTSave request from death_king101
[Thu, 22 Dec 2022 15:57:52 GMT] Request recieved to Appstore
[Thu, 22 Dec 2022 15:57:52 GMT] Attemping to read contents of ./server/apps/Game Hub.js
[Thu, 22 Dec 2022 15:57:52 GMT] Wrote app contents of ./server/apps/Game Hub to client death_king101
[Thu, 22 Dec 2022 15:57:52 GMT] Same Copy detected!
[Thu, 22 Dec 2022 15:57:52 GMT] Request recieved to Appstore
[Thu, 22 Dec 2022 15:57:52 GMT] Attemping to read contents of ./server/apps/TAP.js
[Thu, 22 Dec 2022 15:57:52 GMT] Wrote app contents of ./server/apps/TAP to client death_king101
[Thu, 22 Dec 2022 15:57:52 GMT] Same Copy detected!
[Thu, 22 Dec 2022 15:57:52 GMT] Request recieved to Appstore
[Thu, 22 Dec 2022 15:57:52 GMT] Attemping to read contents of ./server/apps/NotePad.js
[Thu, 22 Dec 2022 15:57:52 GMT] Wrote app contents of ./server/apps/NotePad to client death_king101
[Thu, 22 Dec 2022 15:57:52 GMT] Same Copy detected!
[Thu, 22 Dec 2022 16:01:15 GMT] Recieved login request from ironswordX
[Thu, 22 Dec 2022 16:01:15 GMT] Credentials for ironswordX correct
[Thu, 22 Dec 2022 16:01:15 GMT] Requesting bookmarklet content for ironswordX
[Thu, 22 Dec 2022 16:01:15 GMT] null
[Thu, 22 Dec 2022 16:01:20 GMT] Recieved FTSave request from ironswordX
[Thu, 22 Dec 2022 16:01:20 GMT] Request recieved to Appstore
[Thu, 22 Dec 2022 16:01:20 GMT] Request recieved to Appstore
[Thu, 22 Dec 2022 16:01:20 GMT] Attemping to read contents of ./server/apps/InjectorCloud.js
[Thu, 22 Dec 2022 16:01:20 GMT] Wrote app contents of ./server/apps/InjectorCloud to client ironswordX
[Thu, 22 Dec 2022 16:01:20 GMT] Same Copy detected!
[Thu, 22 Dec 2022 16:01:20 GMT] Request recieved to Appstore
[Thu, 22 Dec 2022 16:01:20 GMT] Attemping to read contents of ./server/apps/NotePad.js
[Thu, 22 Dec 2022 16:01:20 GMT] Wrote app contents of ./server/apps/NotePad to client ironswordX
[Thu, 22 Dec 2022 16:01:20 GMT] Same Copy detected!
[Thu, 22 Dec 2022 16:01:20 GMT] Request recieved to Appstore
[Thu, 22 Dec 2022 16:01:20 GMT] Attemping to read contents of ./server/apps/JuanAnime.js
[Thu, 22 Dec 2022 16:01:20 GMT] Wrote app contents of ./server/apps/JuanAnime to client ironswordX
[Thu, 22 Dec 2022 16:01:20 GMT] Same Copy detected!
[Thu, 22 Dec 2022 16:01:20 GMT] Request recieved to Appstore
[Thu, 22 Dec 2022 16:01:20 GMT] Attemping to read contents of ./server/apps/Game Hub.js
[Thu, 22 Dec 2022 16:01:20 GMT] Wrote app contents of ./server/apps/Game Hub to client ironswordX
[Thu, 22 Dec 2022 16:01:20 GMT] Same Copy detected!
[Thu, 22 Dec 2022 16:01:20 GMT] Request recieved to Appstore
[Thu, 22 Dec 2022 16:01:20 GMT] Attemping to read contents of ./server/apps/TAP.js
[Thu, 22 Dec 2022 16:01:20 GMT] Wrote app contents of ./server/apps/TAP to client ironswordX
[Thu, 22 Dec 2022 16:01:20 GMT] Same Copy detected!
[Thu, 22 Dec 2022 16:01:20 GMT] Request recieved to Appstore
[Thu, 22 Dec 2022 16:01:27 GMT] Status update recieved
[Thu, 22 Dec 2022 16:01:58 GMT] Status update recieved
[Thu, 22 Dec 2022 16:01:58 GMT] ironswordX,1671724887.936
[Thu, 22 Dec 2022 16:01:58 GMT] User already in Statuses; time updated.
[Thu, 22 Dec 2022 16:02:16 GMT] Status update recieved
[Thu, 22 Dec 2022 16:02:16 GMT] ironswordX,1671724918.58
[Thu, 22 Dec 2022 16:02:16 GMT] User already in Statuses; time updated.
[Thu, 22 Dec 2022 16:02:47 GMT] Status update recieved
[Thu, 22 Dec 2022 16:02:47 GMT] ironswordX,1671724936.692
[Thu, 22 Dec 2022 16:02:47 GMT] User already in Statuses; time updated.
[Thu, 22 Dec 2022 16:03:04 GMT] Status update recieved
[Thu, 22 Dec 2022 16:03:04 GMT] ironswordX,1671724967.565
[Thu, 22 Dec 2022 16:03:04 GMT] User already in Statuses; time updated.
[Thu, 22 Dec 2022 16:05:28 GMT] Recieved login request from ifeellikeadummy
[Thu, 22 Dec 2022 16:05:28 GMT] Credentials for ifeellikeadummy correct
[Thu, 22 Dec 2022 16:05:28 GMT] Requesting bookmarklet content for ifeellikeadummy
[Thu, 22 Dec 2022 16:05:28 GMT] null
[Thu, 22 Dec 2022 16:05:33 GMT] Recieved FTSave request from ifeellikeadummy
[Thu, 22 Dec 2022 16:06:11 GMT] Recieved login request from ifeellikeadummy
[Thu, 22 Dec 2022 16:06:11 GMT] Credentials for ifeellikeadummy correct
[Thu, 22 Dec 2022 16:06:11 GMT] Requesting bookmarklet content for ifeellikeadummy
[Thu, 22 Dec 2022 16:06:11 GMT] null
[Thu, 22 Dec 2022 16:06:17 GMT] Recieved FTSave request from ifeellikeadummy
[Thu, 22 Dec 2022 16:06:45 GMT] Request recieved to Appstore
[Thu, 22 Dec 2022 16:06:45 GMT] Attemping to read contents of ./server/apps/NotePad.js
[Thu, 22 Dec 2022 16:06:45 GMT] Wrote app contents of ./server/apps/NotePad to client ifeellikeadummy
[Thu, 22 Dec 2022 16:06:53 GMT] Status update recieved
[Thu, 22 Dec 2022 16:07:21 GMT] Recieved FTSave request from ifeellikeadummy
[Thu, 22 Dec 2022 16:07:22 GMT] Recieved FTSave request from ifeellikeadummy
[Thu, 22 Dec 2022 16:07:24 GMT] Recieved FTSave request from ifeellikeadummy
[Thu, 22 Dec 2022 16:07:26 GMT] Recieved FTSave request from ifeellikeadummy
[Thu, 22 Dec 2022 16:08:34 GMT] Recieved login request from ifeellikeadummy
[Thu, 22 Dec 2022 16:08:34 GMT] Credentials for ifeellikeadummy correct
[Thu, 22 Dec 2022 16:08:34 GMT] Requesting bookmarklet content for ifeellikeadummy
[Thu, 22 Dec 2022 16:08:34 GMT] null
[Thu, 22 Dec 2022 16:08:40 GMT] Recieved FTSave request from ifeellikeadummy
[Thu, 22 Dec 2022 16:08:40 GMT] Request recieved to Appstore
[Thu, 22 Dec 2022 16:08:40 GMT] Attemping to read contents of ./server/apps/NotePad.js
[Thu, 22 Dec 2022 16:08:40 GMT] Wrote app contents of ./server/apps/NotePad to client ifeellikeadummy
[Thu, 22 Dec 2022 16:08:40 GMT] Same Copy detected!
[Thu, 22 Dec 2022 16:13:51 GMT] Recieved login request from guest
[Thu, 22 Dec 2022 16:13:51 GMT] Credentials for guest correct
[Thu, 22 Dec 2022 16:13:51 GMT] Requesting bookmarklet content for guest
[Thu, 22 Dec 2022 16:13:51 GMT] null
[Thu, 22 Dec 2022 16:13:56 GMT] Recieved FTSave request from guest
[Thu, 22 Dec 2022 16:13:57 GMT] Request recieved to Appstore
[Thu, 22 Dec 2022 16:13:57 GMT] Request recieved to Appstore
[Thu, 22 Dec 2022 16:13:57 GMT] Attemping to read contents of ./server/apps/InjectorCloud.js
[Thu, 22 Dec 2022 16:13:57 GMT] Wrote app contents of ./server/apps/InjectorCloud to client guest
[Thu, 22 Dec 2022 16:13:57 GMT] Same Copy detected!
[Thu, 22 Dec 2022 16:13:57 GMT] Attemping to read contents of ./server/apps/TAP.js
[Thu, 22 Dec 2022 16:13:57 GMT] Wrote app contents of ./server/apps/TAP to client guest
[Thu, 22 Dec 2022 16:13:57 GMT] Same Copy detected!
[Thu, 22 Dec 2022 16:13:57 GMT] Request recieved to Appstore
[Thu, 22 Dec 2022 16:13:57 GMT] Attemping to read contents of ./server/apps/JuanAnime.js
[Thu, 22 Dec 2022 16:13:57 GMT] Wrote app contents of ./server/apps/JuanAnime to client guest
[Thu, 22 Dec 2022 16:13:57 GMT] Same Copy detected!
[Thu, 22 Dec 2022 16:13:57 GMT] Request recieved to Appstore
[Thu, 22 Dec 2022 16:13:57 GMT] Attemping to read contents of ./server/apps/Game Hub.js
[Thu, 22 Dec 2022 16:13:57 GMT] Wrote app contents of ./server/apps/Game Hub to client guest
[Thu, 22 Dec 2022 16:13:57 GMT] Same Copy detected!
[Thu, 22 Dec 2022 16:13:57 GMT] Request recieved to Appstore
[Thu, 22 Dec 2022 16:13:57 GMT] Attemping to read contents of ./server/apps/NotePad.js
[Thu, 22 Dec 2022 16:13:57 GMT] Wrote app contents of ./server/apps/NotePad to client guest
[Thu, 22 Dec 2022 16:13:57 GMT] Same Copy detected!
[Thu, 22 Dec 2022 16:14:20 GMT] Recieved login request from guest
[Thu, 22 Dec 2022 16:14:20 GMT] Credentials for guest correct
[Thu, 22 Dec 2022 16:14:20 GMT] Requesting bookmarklet content for guest
[Thu, 22 Dec 2022 16:14:20 GMT] null
[Thu, 22 Dec 2022 16:14:26 GMT] Recieved FTSave request from guest
[Thu, 22 Dec 2022 16:14:26 GMT] Request recieved to Appstore
[Thu, 22 Dec 2022 16:14:26 GMT] Attemping to read contents of ./server/apps/JuanAnime.js
[Thu, 22 Dec 2022 16:14:26 GMT] Wrote app contents of ./server/apps/JuanAnime to client guest
[Thu, 22 Dec 2022 16:14:26 GMT] Same Copy detected!
[Thu, 22 Dec 2022 16:14:26 GMT] Request recieved to Appstore
[Thu, 22 Dec 2022 16:14:26 GMT] Attemping to read contents of ./server/apps/NotePad.js
[Thu, 22 Dec 2022 16:14:26 GMT] Wrote app contents of ./server/apps/NotePad to client guest
[Thu, 22 Dec 2022 16:14:26 GMT] Same Copy detected!
[Thu, 22 Dec 2022 16:14:26 GMT] Request recieved to Appstore
[Thu, 22 Dec 2022 16:14:26 GMT] Request recieved to Appstore
[Thu, 22 Dec 2022 16:14:26 GMT] Attemping to read contents of ./server/apps/InjectorCloud.js
[Thu, 22 Dec 2022 16:14:26 GMT] Wrote app contents of ./server/apps/InjectorCloud to client guest
[Thu, 22 Dec 2022 16:14:26 GMT] Same Copy detected!
[Thu, 22 Dec 2022 16:14:26 GMT] Attemping to read contents of ./server/apps/Game Hub.js
[Thu, 22 Dec 2022 16:14:26 GMT] Wrote app contents of ./server/apps/Game Hub to client guest
[Thu, 22 Dec 2022 16:14:26 GMT] Same Copy detected!
[Thu, 22 Dec 2022 16:14:26 GMT] Request recieved to Appstore
[Thu, 22 Dec 2022 16:14:26 GMT] Attemping to read contents of ./server/apps/TAP.js
[Thu, 22 Dec 2022 16:14:26 GMT] Wrote app contents of ./server/apps/TAP to client guest
[Thu, 22 Dec 2022 16:14:26 GMT] Same Copy detected!
[Thu, 22 Dec 2022 16:17:02 GMT] Recieved login request from koopa
[Thu, 22 Dec 2022 16:17:02 GMT] Credentials for koopa correct
[Thu, 22 Dec 2022 16:17:02 GMT] Requesting bookmarklet content for koopa
[Thu, 22 Dec 2022 16:17:02 GMT] null
[Thu, 22 Dec 2022 16:17:08 GMT] Recieved FTSave request from koopa
[Thu, 22 Dec 2022 16:17:08 GMT] Request recieved to Appstore
[Thu, 22 Dec 2022 16:17:08 GMT] Attemping to read contents of ./server/apps/Game Hub.js
[Thu, 22 Dec 2022 16:17:08 GMT] Wrote app contents of ./server/apps/Game Hub to client koopa
[Thu, 22 Dec 2022 16:17:08 GMT] Same Copy detected!
[Thu, 22 Dec 2022 16:17:34 GMT] Recieved login request from koopa
[Thu, 22 Dec 2022 16:17:34 GMT] Credentials for koopa correct
[Thu, 22 Dec 2022 16:17:34 GMT] Requesting bookmarklet content for koopa
[Thu, 22 Dec 2022 16:17:34 GMT] null
[Thu, 22 Dec 2022 16:17:40 GMT] Recieved FTSave request from koopa
[Thu, 22 Dec 2022 16:17:40 GMT] Request recieved to Appstore
[Thu, 22 Dec 2022 16:17:40 GMT] Attemping to read contents of ./server/apps/Game Hub.js
[Thu, 22 Dec 2022 16:17:40 GMT] Wrote app contents of ./server/apps/Game Hub to client koopa
[Thu, 22 Dec 2022 16:17:40 GMT] Same Copy detected!
[Thu, 22 Dec 2022 16:17:55 GMT] Recieved save request from koopa
[Thu, 22 Dec 2022 16:18:20 GMT] Recieved save request from koopa